<?xml version="1.0" encoding="UTF-8"?>
<!-- Generated by org.testng.reporters.JUnitReportReporter -->
<testsuite hostname="DESKTOP-M7AOEDO" name="com.mystore.testcases.TC_MyAccountPageTest" tests="1" failures="0" timestamp="5 Mar 2025 06:23:05 GMT" time="2.878" errors="0">
  <testcase name="verifyLogin" time="2.878" classname="com.mystore.testcases.TC_MyAccountPageTest"/>
</testsuite> <!-- com.mystore.testcases.TC_MyAccountPageTest -->
